<?xml version="1.0" encoding="UTF-8"?>
<testng-results ignored="0" total="4" passed="3" failed="1" skipped="0">
  <reporter-output>
  </reporter-output>
  <suite started-at="2021-12-27T20:49:47 IST" name="Suite" finished-at="2021-12-27T20:50:28 IST" duration-ms="41208">
    <groups>
    </groups>
    <test started-at="2021-12-27T20:49:47 IST" name="Test" finished-at="2021-12-27T20:50:28 IST" duration-ms="41208">
      <class name="com.dezerv.testCases.ApplyforaccessDataDrivenTC_02">
        <test-method is-config="true" signature="setup()[pri:0, instance:com.dezerv.testCases.ApplyforaccessDataDrivenTC_02@1a18644]" started-at="2021-12-27T20:49:56 IST" name="setup" finished-at="2021-12-27T20:49:57 IST" duration-ms="1023" status="PASS">
          <reporter-output>
          </reporter-output>
        </test-method> <!-- setup -->
        <test-method signature="accessDDTest(java.lang.String,java.lang.String)[pri:0, instance:com.dezerv.testCases.ApplyforaccessDataDrivenTC_02@1a18644]" started-at="2021-12-27T20:49:58 IST" name="accessDDTest" data-provider="accessData" finished-at="2021-12-27T20:50:04 IST" duration-ms="6347" status="PASS">
          <params>
            <param index="0">
              <value>
                <![CDATA[8618696383]]>
              </value>
            </param>
            <param index="1">
              <value>
                <![CDATA[anshuman.kr93@gmail.com]]>
              </value>
            </param>
          </params>
          <reporter-output>
          </reporter-output>
        </test-method> <!-- accessDDTest -->
        <test-method signature="accessDDTest(java.lang.String,java.lang.String)[pri:0, instance:com.dezerv.testCases.ApplyforaccessDataDrivenTC_02@1a18644]" started-at="2021-12-27T20:50:04 IST" name="accessDDTest" data-provider="accessData" finished-at="2021-12-27T20:50:07 IST" duration-ms="3256" status="PASS">
          <params>
            <param index="0">
              <value>
                <![CDATA[1234567892]]>
              </value>
            </param>
            <param index="1">
              <value>
                <![CDATA[]]>
              </value>
            </param>
          </params>
          <reporter-output>
          </reporter-output>
        </test-method> <!-- accessDDTest -->
        <test-method signature="accessDDTest(java.lang.String,java.lang.String)[pri:0, instance:com.dezerv.testCases.ApplyforaccessDataDrivenTC_02@1a18644]" started-at="2021-12-27T20:50:07 IST" name="accessDDTest" data-provider="accessData" finished-at="2021-12-27T20:50:28 IST" duration-ms="20437" status="FAIL">
          <params>
            <param index="0">
              <value>
                <![CDATA[]]>
              </value>
            </param>
            <param index="1">
              <value>
                <![CDATA[testinglkajsask]]>
              </value>
            </param>
          </params>
          <exception class="org.openqa.selenium.NoSuchElementException">
            <message>
              <![CDATA[no such element: Unable to locate element: {"method":"xpath","selector":"//button[@class='commonButton']"}
  (Session info: chrome=96.0.4664.110)
For documentation on this error, please visit: http://seleniumhq.org/exceptions/no_such_element.html
Build info: version: '3.14.0', revision: 'aacccce0', time: '2018-08-02T20:19:58.91Z'
System info: host: 'DESKTOP-KVS4D73', ip: '192.168.25.128', os.name: 'Windows 10', os.arch: 'amd64', os.version: '10.0', java.version: '16.0.2'
Driver info: org.openqa.selenium.chrome.ChromeDriver
Capabilities {acceptInsecureCerts: false, browserName: chrome, browserVersion: 96.0.4664.110, chrome: {chromedriverVersion: 96.0.4664.45 (76e4c1bb2ab46..., userDataDir: C:\Users\anshu\AppData\Loca...}, goog:chromeOptions: {debuggerAddress: localhost:64196}, javascriptEnabled: true, networkConnectionEnabled: false, pageLoadStrategy: normal, platform: WINDOWS, platformName: WINDOWS, proxy: Proxy(), setWindowRect: true, strictFileInteractability: false, timeouts: {implicit: 0, pageLoad: 300000, script: 30000}, unhandledPromptBehavior: dismiss and notify, webauthn:extension:credBlob: true, webauthn:extension:largeBlob: true, webauthn:virtualAuthenticators: true}
Session ID: 382154f981c0a649931b0f796385eb4a
*** Element info: {Using=xpath, value=//button[@class='commonButton']}]]>
            </message>
            <full-stacktrace>
              <![CDATA[org.openqa.selenium.NoSuchElementException: no such element: Unable to locate element: {"method":"xpath","selector":"//button[@class='commonButton']"}
  (Session info: chrome=96.0.4664.110)
For documentation on this error, please visit: http://seleniumhq.org/exceptions/no_such_element.html
Build info: version: '3.14.0', revision: 'aacccce0', time: '2018-08-02T20:19:58.91Z'
System info: host: 'DESKTOP-KVS4D73', ip: '192.168.25.128', os.name: 'Windows 10', os.arch: 'amd64', os.version: '10.0', java.version: '16.0.2'
Driver info: org.openqa.selenium.chrome.ChromeDriver
Capabilities {acceptInsecureCerts: false, browserName: chrome, browserVersion: 96.0.4664.110, chrome: {chromedriverVersion: 96.0.4664.45 (76e4c1bb2ab46..., userDataDir: C:\Users\anshu\AppData\Loca...}, goog:chromeOptions: {debuggerAddress: localhost:64196}, javascriptEnabled: true, networkConnectionEnabled: false, pageLoadStrategy: normal, platform: WINDOWS, platformName: WINDOWS, proxy: Proxy(), setWindowRect: true, strictFileInteractability: false, timeouts: {implicit: 0, pageLoad: 300000, script: 30000}, unhandledPromptBehavior: dismiss and notify, webauthn:extension:credBlob: true, webauthn:extension:largeBlob: true, webauthn:virtualAuthenticators: true}
Session ID: 382154f981c0a649931b0f796385eb4a
*** Element info: {Using=xpath, value=//button[@class='commonButton']}
at java.base/jdk.internal.reflect.NativeConstructorAccessorImpl.newInstance0(Native Method)
at java.base/jdk.internal.reflect.NativeConstructorAccessorImpl.newInstance(NativeConstructorAccessorImpl.java:78)
at java.base/jdk.internal.reflect.DelegatingConstructorAccessorImpl.newInstance(DelegatingConstructorAccessorImpl.java:45)
at java.base/java.lang.reflect.Constructor.newInstanceWithCaller(Constructor.java:499)
at java.base/java.lang.reflect.Constructor.newInstance(Constructor.java:480)
at org.openqa.selenium.remote.http.W3CHttpResponseCodec.createException(W3CHttpResponseCodec.java:187)
at org.openqa.selenium.remote.http.W3CHttpResponseCodec.decode(W3CHttpResponseCodec.java:122)
at org.openqa.selenium.remote.http.W3CHttpResponseCodec.decode(W3CHttpResponseCodec.java:49)
at org.openqa.selenium.remote.HttpCommandExecutor.execute(HttpCommandExecutor.java:158)
at org.openqa.selenium.remote.service.DriverCommandExecutor.execute(DriverCommandExecutor.java:83)
at org.openqa.selenium.remote.RemoteWebDriver.execute(RemoteWebDriver.java:548)
at org.openqa.selenium.remote.RemoteWebDriver.findElement(RemoteWebDriver.java:322)
at org.openqa.selenium.remote.RemoteWebDriver.findElementByXPath(RemoteWebDriver.java:424)
at org.openqa.selenium.By$ByXPath.findElement(By.java:353)
at org.openqa.selenium.remote.RemoteWebDriver.findElement(RemoteWebDriver.java:314)
at org.openqa.selenium.support.pagefactory.DefaultElementLocator.findElement(DefaultElementLocator.java:69)
at org.openqa.selenium.support.pagefactory.internal.LocatingElementHandler.invoke(LocatingElementHandler.java:38)
at jdk.proxy2/jdk.proxy2.$Proxy15.submit(Unknown Source)
at com.dezerv.pageObjects.InvitePage.clicksubmit(InvitePage.java:79)
at com.dezerv.testCases.ApplyforaccessDataDrivenTC_02.accessDDTest(ApplyforaccessDataDrivenTC_02.java:31)
at java.base/jdk.internal.reflect.NativeMethodAccessorImpl.invoke0(Native Method)
at java.base/jdk.internal.reflect.NativeMethodAccessorImpl.invoke(NativeMethodAccessorImpl.java:78)
at java.base/jdk.internal.reflect.DelegatingMethodAccessorImpl.invoke(DelegatingMethodAccessorImpl.java:43)
at java.base/java.lang.reflect.Method.invoke(Method.java:567)
at org.testng.internal.MethodInvocationHelper.invokeMethod(MethodInvocationHelper.java:133)
at org.testng.internal.TestInvoker.invokeMethod(TestInvoker.java:598)
at org.testng.internal.TestInvoker.invokeTestMethod(TestInvoker.java:173)
at org.testng.internal.MethodRunner.runInSequence(MethodRunner.java:46)
at org.testng.internal.TestInvoker$MethodInvocationAgent.invoke(TestInvoker.java:824)
at org.testng.internal.TestInvoker.invokeTestMethods(TestInvoker.java:146)
at org.testng.internal.TestMethodWorker.invokeTestMethods(TestMethodWorker.java:146)
at org.testng.internal.TestMethodWorker.run(TestMethodWorker.java:128)
at java.base/java.util.ArrayList.forEach(ArrayList.java:1511)
at org.testng.TestRunner.privateRun(TestRunner.java:794)
at org.testng.TestRunner.run(TestRunner.java:596)
at org.testng.SuiteRunner.runTest(SuiteRunner.java:377)
at org.testng.SuiteRunner.runSequentially(SuiteRunner.java:371)
at org.testng.SuiteRunner.privateRun(SuiteRunner.java:332)
at org.testng.SuiteRunner.run(SuiteRunner.java:276)
at org.testng.SuiteRunnerWorker.runSuite(SuiteRunnerWorker.java:53)
at org.testng.SuiteRunnerWorker.run(SuiteRunnerWorker.java:96)
at org.testng.TestNG.runSuitesSequentially(TestNG.java:1212)
at org.testng.TestNG.runSuitesLocally(TestNG.java:1134)
at org.testng.TestNG.runSuites(TestNG.java:1063)
at org.testng.TestNG.run(TestNG.java:1031)
at org.testng.remote.AbstractRemoteTestNG.run(AbstractRemoteTestNG.java:115)
at org.testng.remote.RemoteTestNG.initAndRun(RemoteTestNG.java:251)
at org.testng.remote.RemoteTestNG.main(RemoteTestNG.java:77)
]]>
            </full-stacktrace>
          </exception> <!-- org.openqa.selenium.NoSuchElementException -->
          <reporter-output>
          </reporter-output>
        </test-method> <!-- accessDDTest -->
        <test-method is-config="true" signature="teardown()[pri:0, instance:com.dezerv.testCases.ApplyforaccessDataDrivenTC_02@1a18644]" started-at="2021-12-27T20:50:28 IST" name="teardown" finished-at="2021-12-27T20:50:28 IST" duration-ms="257" status="PASS">
          <reporter-output>
          </reporter-output>
        </test-method> <!-- teardown -->
      </class> <!-- com.dezerv.testCases.ApplyforaccessDataDrivenTC_02 -->
      <class name="com.dezerv.testCases.ApplyforaccessTC_01">
        <test-method is-config="true" signature="setup()[pri:0, instance:com.dezerv.testCases.ApplyforaccessTC_01@22ef9844]" started-at="2021-12-27T20:49:47 IST" name="setup" finished-at="2021-12-27T20:49:49 IST" duration-ms="1762" status="PASS">
          <reporter-output>
          </reporter-output>
        </test-method> <!-- setup -->
        <test-method signature="Applyforaccess()[pri:0, instance:com.dezerv.testCases.ApplyforaccessTC_01@22ef9844]" started-at="2021-12-27T20:49:49 IST" name="Applyforaccess" finished-at="2021-12-27T20:49:55 IST" duration-ms="6690" status="PASS">
          <reporter-output>
          </reporter-output>
        </test-method> <!-- Applyforaccess -->
        <test-method is-config="true" signature="teardown()[pri:0, instance:com.dezerv.testCases.ApplyforaccessTC_01@22ef9844]" started-at="2021-12-27T20:49:55 IST" name="teardown" finished-at="2021-12-27T20:49:56 IST" duration-ms="262" status="PASS">
          <reporter-output>
          </reporter-output>
        </test-method> <!-- teardown -->
      </class> <!-- com.dezerv.testCases.ApplyforaccessTC_01 -->
    </test> <!-- Test -->
  </suite> <!-- Suite -->
</testng-results>
